#
# There is insufficient memory for the Java Runtime Environment to continue.
# Native memory allocation (malloc) failed to allocate 536256 bytes for Chunk::new
# Possible reasons:
#   The system is out of physical RAM or swap space
#   The process is running with CompressedOops enabled, and the Java Heap may be blocking the growth of the native heap
# Possible solutions:
#   Reduce memory load on the system
#   Increase physical memory or swap space
#   Check if swap backing store is full
#   Decrease Java heap size (-Xmx/-Xms)
#   Decrease number of Java threads
#   Decrease Java thread stack sizes (-Xss)
#   Set larger code cache with -XX:ReservedCodeCacheSize=
#   JVM is running with Unscaled Compressed Oops mode in which the Java heap is
#     placed in the first 4GB address space. The Java Heap base address is the
#     maximum limit for the native heap growth. Please use -XX:HeapBaseMinAddress
#     to set the Java Heap base and to place the Java Heap above 4GB virtual address.
# This output file may be truncated or incomplete.
#
#  Out of Memory Error (src/hotspot/share/memory/arena.cpp:197), pid=24072, tid=18532
#
# JRE version: OpenJDK Runtime Environment JBR-11.0.15.10-2043.56-jcef (11.0.15+10) (build 11.0.15+10-b2043.56)
# Java VM: OpenJDK 64-Bit Server VM JBR-11.0.15.10-2043.56-jcef (11.0.15+10-b2043.56, mixed mode, tiered, compressed oops, g1 gc, windows-amd64)
# No core dump will be written. Minidumps are not enabled by default on client versions of Windows
#

---------------  S U M M A R Y ------------

Command Line: -Djava.rmi.server.hostname=127.0.0.1 -Duser.timezone=UTC -Xmx750m -Xms128m -Dfile.encoding=UTF-8 com.intellij.database.remote.RemoteJdbcServer com.mysql.cj.jdbc.Driver

Host: AMD Ryzen 5 5600H with Radeon Graphics         , 12 cores, 3G,  Windows 11 , 64 bit Build 22621 (10.0.22621.4391)
Time: Sat Dec 21 00:18:16 2024 RTZ 2 (s 11 , 64 bit Build 22621 (10.0.22621.4391) elapsed time: 9765.923869 seconds (0d 2h 42m 45s)

---------------  T H R E A D  ---------------

Current thread (0x000001f4ce43f000):  JavaThread "C2 CompilerThread0" daemon [_thread_in_native, id=18532, stack(0x000000cf11700000,0x000000cf11800000)]


Current CompileTask:
C2:9765924 3051   !   4       java.io.ObjectInputStream::readSerialData (563 bytes)

Stack: [0x000000cf11700000,0x000000cf11800000]
Native frames: (J=compiled Java code, j=interpreted, Vv=VM code, C=native code)
V  [jvm.dll+0x61612a]
V  [jvm.dll+0x79c450]
V  [jvm.dll+0x79da6d]
V  [jvm.dll+0x79e143]
V  [jvm.dll+0x24cc18]
V  [jvm.dll+0xc15ac]
V  [jvm.dll+0xc1adc]
V  [jvm.dll+0x2c20d4]
V  [jvm.dll+0x52895b]
V  [jvm.dll+0x206ac1]
V  [jvm.dll+0x204462]
V  [jvm.dll+0x18b6b1]
V  [jvm.dll+0x2131bf]
V  [jvm.dll+0x211a61]
V  [jvm.dll+0x76300f]
V  [jvm.dll+0x75bc15]
V  [jvm.dll+0x614d96]
C  [ucrtbase.dll+0x29333]
C  [KERNEL32.DLL+0x1259d]
C  [ntdll.dll+0x5af38]


---------------  P R O C E S S  ---------------

Threads class SMR info:
_java_thread_list=0x000001f4cef823b0, length=18, elements={
0x000001f4b608b000, 0x000001f4cdaaa000, 0x000001f4cdab3800, 0x000001f4ce439000,
0x000001f4ce43a000, 0x000001f4ce43b800, 0x000001f4ce43f000, 0x000001f4ce443000,
0x000001f4cdad9800, 0x000001f4ce5c5800, 0x000001f4ce5c4000, 0x000001f4ce8f9000,
0x000001f4ce8d6000, 0x000001f4ce93d800, 0x000001f4ce94f000, 0x000001f4ce9cf800,
0x000001f4cf67e000, 0x000001f4cf67e800
}

Java Threads: ( => current thread )
  0x000001f4b608b000 JavaThread "main" [_thread_blocked, id=24824, stack(0x000000cf10b00000,0x000000cf10c00000)]
  0x000001f4cdaaa000 JavaThread "Reference Handler" daemon [_thread_blocked, id=25224, stack(0x000000cf11200000,0x000000cf11300000)]
  0x000001f4cdab3800 JavaThread "Finalizer" daemon [_thread_blocked, id=2128, stack(0x000000cf11300000,0x000000cf11400000)]
  0x000001f4ce439000 JavaThread "Signal Dispatcher" daemon [_thread_blocked, id=20984, stack(0x000000cf11400000,0x000000cf11500000)]
  0x000001f4ce43a000 JavaThread "Attach Listener" daemon [_thread_blocked, id=26460, stack(0x000000cf11500000,0x000000cf11600000)]
  0x000001f4ce43b800 JavaThread "Service Thread" daemon [_thread_blocked, id=21580, stack(0x000000cf11600000,0x000000cf11700000)]
=>0x000001f4ce43f000 JavaThread "C2 CompilerThread0" daemon [_thread_in_native, id=18532, stack(0x000000cf11700000,0x000000cf11800000)]
  0x000001f4ce443000 JavaThread "C1 CompilerThread0" daemon [_thread_blocked, id=5564, stack(0x000000cf11800000,0x000000cf11900000)]
  0x000001f4cdad9800 JavaThread "Sweeper thread" daemon [_thread_blocked, id=16460, stack(0x000000cf11900000,0x000000cf11a00000)]
  0x000001f4ce5c5800 JavaThread "Common-Cleaner" daemon [_thread_blocked, id=22056, stack(0x000000cf11b00000,0x000000cf11c00000)]
  0x000001f4ce5c4000 JavaThread "mysql-cj-abandoned-connection-cleanup" daemon [_thread_blocked, id=26336, stack(0x000000cf11c00000,0x000000cf11d00000)]
  0x000001f4ce8f9000 JavaThread "RMI TCP Accept-45875" daemon [_thread_in_native, id=21656, stack(0x000000cf11d00000,0x000000cf11e00000)]
  0x000001f4ce8d6000 JavaThread "RMI TCP Accept-0" daemon [_thread_in_native, id=3888, stack(0x000000cf11e00000,0x000000cf11f00000)]
  0x000001f4ce93d800 JavaThread "RMI Reaper" [_thread_blocked, id=5812, stack(0x000000cf11f00000,0x000000cf12000000)]
  0x000001f4ce94f000 JavaThread "RMI GC Daemon" daemon [_thread_blocked, id=13304, stack(0x000000cf12000000,0x000000cf12100000)]
  0x000001f4ce9cf800 JavaThread "RMI Scheduler(0)" daemon [_thread_blocked, id=20148, stack(0x000000cf12200000,0x000000cf12300000)]
  0x000001f4cf67e000 JavaThread "RMI TCP Connection(30)-127.0.0.1" daemon [_thread_in_native, id=3828, stack(0x000000cf10900000,0x000000cf10a00000)]
  0x000001f4cf67e800 JavaThread "RMI TCP Connection(31)-127.0.0.1" daemon [_thread_in_native, id=21316, stack(0x000000cf10800000,0x000000cf10900000)]

Other Threads:
  0x000001f4cdaa8800 VMThread "VM Thread" [stack: 0x000000cf11100000,0x000000cf11200000] [id=27072]
  0x000001f4ce5c1000 WatcherThread [stack: 0x000000cf11a00000,0x000000cf11b00000] [id=12636]
  0x000001f4b3e9c800 GCTaskThread "GC Thread#0" [stack: 0x000000cf10c00000,0x000000cf10d00000] [id=23964]
  0x000001f4cf6fe800 GCTaskThread "GC Thread#1" [stack: 0x000000cf12400000,0x000000cf12500000] [id=25784]
  0x000001f4cedf1800 GCTaskThread "GC Thread#2" [stack: 0x000000cf12500000,0x000000cf12600000] [id=2900]
  0x000001f4cedf2000 GCTaskThread "GC Thread#3" [stack: 0x000000cf12600000,0x000000cf12700000] [id=24236]
  0x000001f4b60b7800 ConcurrentGCThread "G1 Main Marker" [stack: 0x000000cf10d00000,0x000000cf10e00000] [id=20664]
  0x000001f4b60b9000 ConcurrentGCThread "G1 Conc#0" [stack: 0x000000cf10e00000,0x000000cf10f00000] [id=6160]
  0x000001f4cf8ea800 ConcurrentGCThread "G1 Conc#1" [stack: 0x000000cf12700000,0x000000cf12800000] [id=25880]
  0x000001f4cef2e000 ConcurrentGCThread "G1 Conc#2" [stack: 0x000000cf12800000,0x000000cf12900000] [id=21676]
  0x000001f4cd8f1800 ConcurrentGCThread "G1 Refine#0" [stack: 0x000000cf10f00000,0x000000cf11000000] [id=11532]
  0x000001f4b614d000 ConcurrentGCThread "G1 Young RemSet Sampling" [stack: 0x000000cf11000000,0x000000cf11100000] [id=25972]

Threads with active compile tasks:
C2 CompilerThread0  9766088 3051   !   4       java.io.ObjectInputStream::readSerialData (563 bytes)

VM state:not at safepoint (normal execution)

VM Mutex/Monitor currently owned by a thread: None

Heap address: 0x00000000d1200000, size: 750 MB, Compressed Oops mode: 32-bit
Narrow klass base: 0x0000000000000000, Narrow klass shift: 3
Compressed class space size: 1073741824 Address: 0x0000000100000000

Heap:
 garbage-first heap   total 131072K, used 9281K [0x00000000d1200000, 0x0000000100000000)
  region size 1024K, 4 young (4096K), 0 survivors (0K)
 Metaspace       used 22460K, capacity 22929K, committed 23932K, reserved 1071104K
  class space    used 2218K, capacity 2387K, committed 2764K, reserved 1048576K
Heap Regions: E=young(eden), S=young(survivor), O=old, HS=humongous(starts), HC=humongous(continues), CS=collection set, F=free, A=archive, TAMS=top-at-mark-start (previous, next)
|   0|0x00000000d1200000, 0x00000000d12cd1d0, 0x00000000d1300000| 80%| O|  |TAMS 0x00000000d1200000, 0x00000000d1200000| Untracked 
|   1|0x00000000d1300000, 0x00000000d13eb898, 0x00000000d1400000| 92%| O|  |TAMS 0x00000000d1300000, 0x00000000d1300000| Untracked 
|   2|0x00000000d1400000, 0x00000000d1500000, 0x00000000d1500000|100%| O|  |TAMS 0x00000000d1400000, 0x00000000d1400000| Untracked 
|   3|0x00000000d1500000, 0x00000000d15f95d0, 0x00000000d1600000| 97%| O|  |TAMS 0x00000000d1500000, 0x00000000d1500000| Untracked 
|   4|0x00000000d1600000, 0x00000000d16edb80, 0x00000000d1700000| 92%| O|  |TAMS 0x00000000d1600000, 0x00000000d1600000| Untracked 
|   5|0x00000000d1700000, 0x00000000d17eadf8, 0x00000000d1800000| 91%| O|  |TAMS 0x00000000d1700000, 0x00000000d1700000| Untracked 
|   6|0x00000000d1800000, 0x00000000d1885c78, 0x00000000d1900000| 52%| O|  |TAMS 0x00000000d1800000, 0x00000000d1800000| Untracked 
|   7|0x00000000d1900000, 0x00000000d1900000, 0x00000000d1a00000|  0%| F|  |TAMS 0x00000000d1900000, 0x00000000d1900000| Untracked 
|   8|0x00000000d1a00000, 0x00000000d1a00000, 0x00000000d1b00000|  0%| F|  |TAMS 0x00000000d1a00000, 0x00000000d1a00000| Untracked 
|   9|0x00000000d1b00000, 0x00000000d1b00000, 0x00000000d1c00000|  0%| F|  |TAMS 0x00000000d1b00000, 0x00000000d1b00000| Untracked 
|  10|0x00000000d1c00000, 0x00000000d1c00000, 0x00000000d1d00000|  0%| F|  |TAMS 0x00000000d1c00000, 0x00000000d1c00000| Untracked 
|  11|0x00000000d1d00000, 0x00000000d1d00000, 0x00000000d1e00000|  0%| F|  |TAMS 0x00000000d1d00000, 0x00000000d1d00000| Untracked 
|  12|0x00000000d1e00000, 0x00000000d1e00000, 0x00000000d1f00000|  0%| F|  |TAMS 0x00000000d1e00000, 0x00000000d1e00000| Untracked 
|  13|0x00000000d1f00000, 0x00000000d1f00000, 0x00000000d2000000|  0%| F|  |TAMS 0x00000000d1f00000, 0x00000000d1f00000| Untracked 
|  14|0x00000000d2000000, 0x00000000d2000000, 0x00000000d2100000|  0%| F|  |TAMS 0x00000000d2000000, 0x00000000d2000000| Untracked 
|  15|0x00000000d2100000, 0x00000000d2100000, 0x00000000d2200000|  0%| F|  |TAMS 0x00000000d2100000, 0x00000000d2100000| Untracked 
|  16|0x00000000d2200000, 0x00000000d2200000, 0x00000000d2300000|  0%| F|  |TAMS 0x00000000d2200000, 0x00000000d2200000| Untracked 
|  17|0x00000000d2300000, 0x00000000d2300000, 0x00000000d2400000|  0%| F|  |TAMS 0x00000000d2300000, 0x00000000d2300000| Untracked 
|  18|0x00000000d2400000, 0x00000000d2400000, 0x00000000d2500000|  0%| F|  |TAMS 0x00000000d2400000, 0x00000000d2400000| Untracked 
|  19|0x00000000d2500000, 0x00000000d2500000, 0x00000000d2600000|  0%| F|  |TAMS 0x00000000d2500000, 0x00000000d2500000| Untracked 
|  20|0x00000000d2600000, 0x00000000d2600000, 0x00000000d2700000|  0%| F|  |TAMS 0x00000000d2600000, 0x00000000d2600000| Untracked 
|  21|0x00000000d2700000, 0x00000000d2700000, 0x00000000d2800000|  0%| F|  |TAMS 0x00000000d2700000, 0x00000000d2700000| Untracked 
|  22|0x00000000d2800000, 0x00000000d2800000, 0x00000000d2900000|  0%| F|  |TAMS 0x00000000d2800000, 0x00000000d2800000| Untracked 
|  23|0x00000000d2900000, 0x00000000d2900000, 0x00000000d2a00000|  0%| F|  |TAMS 0x00000000d2900000, 0x00000000d2900000| Untracked 
|  24|0x00000000d2a00000, 0x00000000d2a00000, 0x00000000d2b00000|  0%| F|  |TAMS 0x00000000d2a00000, 0x00000000d2a00000| Untracked 
|  25|0x00000000d2b00000, 0x00000000d2b00000, 0x00000000d2c00000|  0%| F|  |TAMS 0x00000000d2b00000, 0x00000000d2b00000| Untracked 
|  26|0x00000000d2c00000, 0x00000000d2c00000, 0x00000000d2d00000|  0%| F|  |TAMS 0x00000000d2c00000, 0x00000000d2c00000| Untracked 
|  27|0x00000000d2d00000, 0x00000000d2d00000, 0x00000000d2e00000|  0%| F|  |TAMS 0x00000000d2d00000, 0x00000000d2d00000| Untracked 
|  28|0x00000000d2e00000, 0x00000000d2e00000, 0x00000000d2f00000|  0%| F|  |TAMS 0x00000000d2e00000, 0x00000000d2e00000| Untracked 
|  29|0x00000000d2f00000, 0x00000000d2f00000, 0x00000000d3000000|  0%| F|  |TAMS 0x00000000d2f00000, 0x00000000d2f00000| Untracked 
|  30|0x00000000d3000000, 0x00000000d3000000, 0x00000000d3100000|  0%| F|  |TAMS 0x00000000d3000000, 0x00000000d3000000| Untracked 
|  31|0x00000000d3100000, 0x00000000d3100000, 0x00000000d3200000|  0%| F|  |TAMS 0x00000000d3100000, 0x00000000d3100000| Untracked 
|  32|0x00000000d3200000, 0x00000000d3200000, 0x00000000d3300000|  0%| F|  |TAMS 0x00000000d3200000, 0x00000000d3200000| Untracked 
|  33|0x00000000d3300000, 0x00000000d3300000, 0x00000000d3400000|  0%| F|  |TAMS 0x00000000d3300000, 0x00000000d3300000| Untracked 
|  34|0x00000000d3400000, 0x00000000d3400000, 0x00000000d3500000|  0%| F|  |TAMS 0x00000000d3400000, 0x00000000d3400000| Untracked 
|  35|0x00000000d3500000, 0x00000000d3500000, 0x00000000d3600000|  0%| F|  |TAMS 0x00000000d3500000, 0x00000000d3500000| Untracked 
|  36|0x00000000d3600000, 0x00000000d3600000, 0x00000000d3700000|  0%| F|  |TAMS 0x00000000d3600000, 0x00000000d3600000| Untracked 
|  37|0x00000000d3700000, 0x00000000d3700000, 0x00000000d3800000|  0%| F|  |TAMS 0x00000000d3700000, 0x00000000d3700000| Untracked 
|  38|0x00000000d3800000, 0x00000000d3800000, 0x00000000d3900000|  0%| F|  |TAMS 0x00000000d3800000, 0x00000000d3800000| Untracked 
|  39|0x00000000d3900000, 0x00000000d3900000, 0x00000000d3a00000|  0%| F|  |TAMS 0x00000000d3900000, 0x00000000d3900000| Untracked 
|  40|0x00000000d3a00000, 0x00000000d3a00000, 0x00000000d3b00000|  0%| F|  |TAMS 0x00000000d3a00000, 0x00000000d3a00000| Untracked 
|  41|0x00000000d3b00000, 0x00000000d3b00000, 0x00000000d3c00000|  0%| F|  |TAMS 0x00000000d3b00000, 0x00000000d3b00000| Untracked 
|  42|0x00000000d3c00000, 0x00000000d3c00000, 0x00000000d3d00000|  0%| F|  |TAMS 0x00000000d3c00000, 0x00000000d3c00000| Untracked 
|  43|0x00000000d3d00000, 0x00000000d3d00000, 0x00000000d3e00000|  0%| F|  |TAMS 0x00000000d3d00000, 0x00000000d3d00000| Untracked 
|  44|0x00000000d3e00000, 0x00000000d3e00000, 0x00000000d3f00000|  0%| F|  |TAMS 0x00000000d3e00000, 0x00000000d3e00000| Untracked 
|  45|0x00000000d3f00000, 0x00000000d3f00000, 0x00000000d4000000|  0%| F|  |TAMS 0x00000000d3f00000, 0x00000000d3f00000| Untracked 
|  46|0x00000000d4000000, 0x00000000d4000000, 0x00000000d4100000|  0%| F|  |TAMS 0x00000000d4000000, 0x00000000d4000000| Untracked 
|  47|0x00000000d4100000, 0x00000000d4100000, 0x00000000d4200000|  0%| F|  |TAMS 0x00000000d4100000, 0x00000000d4100000| Untracked 
|  48|0x00000000d4200000, 0x00000000d4200000, 0x00000000d4300000|  0%| F|  |TAMS 0x00000000d4200000, 0x00000000d4200000| Untracked 
|  49|0x00000000d4300000, 0x00000000d4300000, 0x00000000d4400000|  0%| F|  |TAMS 0x00000000d4300000, 0x00000000d4300000| Untracked 
|  50|0x00000000d4400000, 0x00000000d4400000, 0x00000000d4500000|  0%| F|  |TAMS 0x00000000d4400000, 0x00000000d4400000| Untracked 
|  51|0x00000000d4500000, 0x00000000d4500000, 0x00000000d4600000|  0%| F|  |TAMS 0x00000000d4500000, 0x00000000d4500000| Untracked 
|  52|0x00000000d4600000, 0x00000000d4600000, 0x00000000d4700000|  0%| F|  |TAMS 0x00000000d4600000, 0x00000000d4600000| Untracked 
|  53|0x00000000d4700000, 0x00000000d4700000, 0x00000000d4800000|  0%| F|  |TAMS 0x00000000d4700000, 0x00000000d4700000| Untracked 
|  54|0x00000000d4800000, 0x00000000d4800000, 0x00000000d4900000|  0%| F|  |TAMS 0x00000000d4800000, 0x00000000d4800000| Untracked 
|  55|0x00000000d4900000, 0x00000000d4900000, 0x00000000d4a00000|  0%| F|  |TAMS 0x00000000d4900000, 0x00000000d4900000| Untracked 
|  56|0x00000000d4a00000, 0x00000000d4a00000, 0x00000000d4b00000|  0%| F|  |TAMS 0x00000000d4a00000, 0x00000000d4a00000| Untracked 
|  57|0x00000000d4b00000, 0x00000000d4b00000, 0x00000000d4c00000|  0%| F|  |TAMS 0x00000000d4b00000, 0x00000000d4b00000| Untracked 
|  58|0x00000000d4c00000, 0x00000000d4c00000, 0x00000000d4d00000|  0%| F|  |TAMS 0x00000000d4c00000, 0x00000000d4c00000| Untracked 
|  59|0x00000000d4d00000, 0x00000000d4d00000, 0x00000000d4e00000|  0%| F|  |TAMS 0x00000000d4d00000, 0x00000000d4d00000| Untracked 
|  60|0x00000000d4e00000, 0x00000000d4e00000, 0x00000000d4f00000|  0%| F|  |TAMS 0x00000000d4e00000, 0x00000000d4e00000| Untracked 
|  61|0x00000000d4f00000, 0x00000000d4f00000, 0x00000000d5000000|  0%| F|  |TAMS 0x00000000d4f00000, 0x00000000d4f00000| Untracked 
|  62|0x00000000d5000000, 0x00000000d5000000, 0x00000000d5100000|  0%| F|  |TAMS 0x00000000d5000000, 0x00000000d5000000| Untracked 
|  63|0x00000000d5100000, 0x00000000d5100000, 0x00000000d5200000|  0%| F|  |TAMS 0x00000000d5100000, 0x00000000d5100000| Untracked 
|  64|0x00000000d5200000, 0x00000000d5200000, 0x00000000d5300000|  0%| F|  |TAMS 0x00000000d5200000, 0x00000000d5200000| Untracked 
|  65|0x00000000d5300000, 0x00000000d5300000, 0x00000000d5400000|  0%| F|  |TAMS 0x00000000d5300000, 0x00000000d5300000| Untracked 
|  66|0x00000000d5400000, 0x00000000d5400000, 0x00000000d5500000|  0%| F|  |TAMS 0x00000000d5400000, 0x00000000d5400000| Untracked 
|  67|0x00000000d5500000, 0x00000000d5500000, 0x00000000d5600000|  0%| F|  |TAMS 0x00000000d5500000, 0x00000000d5500000| Untracked 
|  68|0x00000000d5600000, 0x00000000d5600000, 0x00000000d5700000|  0%| F|  |TAMS 0x00000000d5600000, 0x00000000d5600000| Untracked 
|  69|0x00000000d5700000, 0x00000000d5700000, 0x00000000d5800000|  0%| F|  |TAMS 0x00000000d5700000, 0x00000000d5700000| Untracked 
|  70|0x00000000d5800000, 0x00000000d5800000, 0x00000000d5900000|  0%| F|  |TAMS 0x00000000d5800000, 0x00000000d5800000| Untracked 
|  71|0x00000000d5900000, 0x00000000d5900000, 0x00000000d5a00000|  0%| F|  |TAMS 0x00000000d5900000, 0x00000000d5900000| Untracked 
|  72|0x00000000d5a00000, 0x00000000d5a00000, 0x00000000d5b00000|  0%| F|  |TAMS 0x00000000d5a00000, 0x00000000d5a00000| Untracked 
|  73|0x00000000d5b00000, 0x00000000d5b00000, 0x00000000d5c00000|  0%| F|  |TAMS 0x00000000d5b00000, 0x00000000d5b00000| Untracked 
|  74|0x00000000d5c00000, 0x00000000d5c00000, 0x00000000d5d00000|  0%| F|  |TAMS 0x00000000d5c00000, 0x00000000d5c00000| Untracked 
|  75|0x00000000d5d00000, 0x00000000d5d00000, 0x00000000d5e00000|  0%| F|  |TAMS 0x00000000d5d00000, 0x00000000d5d00000| Untracked 
|  76|0x00000000d5e00000, 0x00000000d5e00000, 0x00000000d5f00000|  0%| F|  |TAMS 0x00000000d5e00000, 0x00000000d5e00000| Untracked 
|  77|0x00000000d5f00000, 0x00000000d5f00000, 0x00000000d6000000|  0%| F|  |TAMS 0x00000000d5f00000, 0x00000000d5f00000| Untracked 
|  78|0x00000000d6000000, 0x00000000d6000000, 0x00000000d6100000|  0%| F|  |TAMS 0x00000000d6000000, 0x00000000d6000000| Untracked 
|  79|0x00000000d6100000, 0x00000000d6100000, 0x00000000d6200000|  0%| F|  |TAMS 0x00000000d6100000, 0x00000000d6100000| Untracked 
|  80|0x00000000d6200000, 0x00000000d6200000, 0x00000000d6300000|  0%| F|  |TAMS 0x00000000d6200000, 0x00000000d6200000| Untracked 
|  81|0x00000000d6300000, 0x00000000d6300000, 0x00000000d6400000|  0%| F|  |TAMS 0x00000000d6300000, 0x00000000d6300000| Untracked 
|  82|0x00000000d6400000, 0x00000000d6400000, 0x00000000d6500000|  0%| F|  |TAMS 0x00000000d6400000, 0x00000000d6400000| Untracked 
|  83|0x00000000d6500000, 0x00000000d6500000, 0x00000000d6600000|  0%| F|  |TAMS 0x00000000d6500000, 0x00000000d6500000| Untracked 
|  84|0x00000000d6600000, 0x00000000d6600000, 0x00000000d6700000|  0%| F|  |TAMS 0x00000000d6600000, 0x00000000d6600000| Untracked 
|  85|0x00000000d6700000, 0x00000000d6700000, 0x00000000d6800000|  0%| F|  |TAMS 0x00000000d6700000, 0x00000000d6700000| Untracked 
|  86|0x00000000d6800000, 0x00000000d6800000, 0x00000000d6900000|  0%| F|  |TAMS 0x00000000d6800000, 0x00000000d6800000| Untracked 
|  87|0x00000000d6900000, 0x00000000d6900000, 0x00000000d6a00000|  0%| F|  |TAMS 0x00000000d6900000, 0x00000000d6900000| Untracked 
|  88|0x00000000d6a00000, 0x00000000d6a00000, 0x00000000d6b00000|  0%| F|  |TAMS 0x00000000d6a00000, 0x00000000d6a00000| Untracked 
|  89|0x00000000d6b00000, 0x00000000d6b00000, 0x00000000d6c00000|  0%| F|  |TAMS 0x00000000d6b00000, 0x00000000d6b00000| Untracked 
|  90|0x00000000d6c00000, 0x00000000d6c00000, 0x00000000d6d00000|  0%| F|  |TAMS 0x00000000d6c00000, 0x00000000d6c00000| Untracked 
|  91|0x00000000d6d00000, 0x00000000d6d00000, 0x00000000d6e00000|  0%| F|  |TAMS 0x00000000d6d00000, 0x00000000d6d00000| Untracked 
|  92|0x00000000d6e00000, 0x00000000d6e00000, 0x00000000d6f00000|  0%| F|  |TAMS 0x00000000d6e00000, 0x00000000d6e00000| Untracked 
|  93|0x00000000d6f00000, 0x00000000d6f00000, 0x00000000d7000000|  0%| F|  |TAMS 0x00000000d6f00000, 0x00000000d6f00000| Untracked 
|  94|0x00000000d7000000, 0x00000000d7000000, 0x00000000d7100000|  0%| F|  |TAMS 0x00000000d7000000, 0x00000000d7000000| Untracked 
|  95|0x00000000d7100000, 0x00000000d7100000, 0x00000000d7200000|  0%| F|  |TAMS 0x00000000d7100000, 0x00000000d7100000| Untracked 
|  96|0x00000000d7200000, 0x00000000d7200000, 0x00000000d7300000|  0%| F|  |TAMS 0x00000000d7200000, 0x00000000d7200000| Untracked 
|  97|0x00000000d7300000, 0x00000000d7300000, 0x00000000d7400000|  0%| F|  |TAMS 0x00000000d7300000, 0x00000000d7300000| Untracked 
|  98|0x00000000d7400000, 0x00000000d7400000, 0x00000000d7500000|  0%| F|  |TAMS 0x00000000d7400000, 0x00000000d7400000| Untracked 
|  99|0x00000000d7500000, 0x00000000d7500000, 0x00000000d7600000|  0%| F|  |TAMS 0x00000000d7500000, 0x00000000d7500000| Untracked 
| 100|0x00000000d7600000, 0x00000000d7600000, 0x00000000d7700000|  0%| F|  |TAMS 0x00000000d7600000, 0x00000000d7600000| Untracked 
| 101|0x00000000d7700000, 0x00000000d7700000, 0x00000000d7800000|  0%| F|  |TAMS 0x00000000d7700000, 0x00000000d7700000| Untracked 
| 102|0x00000000d7800000, 0x00000000d7800000, 0x00000000d7900000|  0%| F|  |TAMS 0x00000000d7800000, 0x00000000d7800000| Untracked 
| 103|0x00000000d7900000, 0x00000000d7900000, 0x00000000d7a00000|  0%| F|  |TAMS 0x00000000d7900000, 0x00000000d7900000| Untracked 
| 104|0x00000000d7a00000, 0x00000000d7a00000, 0x00000000d7b00000|  0%| F|  |TAMS 0x00000000d7a00000, 0x00000000d7a00000| Untracked 
| 105|0x00000000d7b00000, 0x00000000d7b00000, 0x00000000d7c00000|  0%| F|  |TAMS 0x00000000d7b00000, 0x00000000d7b00000| Untracked 
| 106|0x00000000d7c00000, 0x00000000d7c00000, 0x00000000d7d00000|  0%| F|  |TAMS 0x00000000d7c00000, 0x00000000d7c00000| Untracked 
| 107|0x00000000d7d00000, 0x00000000d7d00000, 0x00000000d7e00000|  0%| F|  |TAMS 0x00000000d7d00000, 0x00000000d7d00000| Untracked 
| 108|0x00000000d7e00000, 0x00000000d7e00000, 0x00000000d7f00000|  0%| F|  |TAMS 0x00000000d7e00000, 0x00000000d7e00000| Untracked 
| 109|0x00000000d7f00000, 0x00000000d7f00000, 0x00000000d8000000|  0%| F|  |TAMS 0x00000000d7f00000, 0x00000000d7f00000| Untracked 
| 110|0x00000000d8000000, 0x00000000d8000000, 0x00000000d8100000|  0%| F|  |TAMS 0x00000000d8000000, 0x00000000d8000000| Untracked 
| 111|0x00000000d8100000, 0x00000000d8100000, 0x00000000d8200000|  0%| F|  |TAMS 0x00000000d8100000, 0x00000000d8100000| Untracked 
| 112|0x00000000d8200000, 0x00000000d8200000, 0x00000000d8300000|  0%| F|  |TAMS 0x00000000d8200000, 0x00000000d8200000| Untracked 
| 113|0x00000000d8300000, 0x00000000d8300000, 0x00000000d8400000|  0%| F|  |TAMS 0x00000000d8300000, 0x00000000d8300000| Untracked 
| 114|0x00000000d8400000, 0x00000000d8400000, 0x00000000d8500000|  0%| F|  |TAMS 0x00000000d8400000, 0x00000000d8400000| Untracked 
| 115|0x00000000d8500000, 0x00000000d8500000, 0x00000000d8600000|  0%| F|  |TAMS 0x00000000d8500000, 0x00000000d8500000| Untracked 
| 116|0x00000000d8600000, 0x00000000d8600000, 0x00000000d8700000|  0%| F|  |TAMS 0x00000000d8600000, 0x00000000d8600000| Untracked 
| 117|0x00000000d8700000, 0x00000000d8700000, 0x00000000d8800000|  0%| F|  |TAMS 0x00000000d8700000, 0x00000000d8700000| Untracked 
| 118|0x00000000d8800000, 0x00000000d8800000, 0x00000000d8900000|  0%| F|  |TAMS 0x00000000d8800000, 0x00000000d8800000| Untracked 
| 119|0x00000000d8900000, 0x00000000d8900000, 0x00000000d8a00000|  0%| F|  |TAMS 0x00000000d8900000, 0x00000000d8900000| Untracked 
| 120|0x00000000d8a00000, 0x00000000d8a00000, 0x00000000d8b00000|  0%| F|  |TAMS 0x00000000d8a00000, 0x00000000d8a00000| Untracked 
| 121|0x00000000d8b00000, 0x00000000d8b00000, 0x00000000d8c00000|  0%| F|  |TAMS 0x00000000d8b00000, 0x00000000d8b00000| Untracked 
| 122|0x00000000d8c00000, 0x00000000d8c00000, 0x00000000d8d00000|  0%| F|  |TAMS 0x00000000d8c00000, 0x00000000d8c00000| Untracked 
| 123|0x00000000d8d00000, 0x00000000d8d00000, 0x00000000d8e00000|  0%| F|  |TAMS 0x00000000d8d00000, 0x00000000d8d00000| Untracked 
| 124|0x00000000d8e00000, 0x00000000d8eb02d8, 0x00000000d8f00000| 68%| E|  |TAMS 0x00000000d8e00000, 0x00000000d8e00000| Complete 
| 125|0x00000000d8f00000, 0x00000000d9000000, 0x00000000d9000000|100%| E|CS|TAMS 0x00000000d8f00000, 0x00000000d8f00000| Complete 
| 126|0x00000000d9000000, 0x00000000d9100000, 0x00000000d9100000|100%| E|CS|TAMS 0x00000000d9000000, 0x00000000d9000000| Complete 
| 127|0x00000000d9100000, 0x00000000d9200000, 0x00000000d9200000|100%| E|CS|TAMS 0x00000000d9100000, 0x00000000d9100000| Complete 

Card table byte_map: [0x000001f4c93b0000,0x000001f4c9530000] _byte_map_base: 0x000001f4c8d27000

Marking Bits (Prev, Next): (CMBitMap*) 0x000001f4b60b3f50, (CMBitMap*) 0x000001f4b60b3f18
 Prev Bits: [0x000001f4ca270000, 0x000001f4cae28000)
 Next Bits: [0x000001f4c96b0000, 0x000001f4ca268000)

Polling page: 0x000001f4b5850000

Metaspace:

Usage:
  Non-class:     20.06 MB capacity,    19.77 MB ( 99%) used,   252.99 KB (  1%) free+waste,    47.13 KB ( <1%) overhead. 
      Class:      2.33 MB capacity,     2.17 MB ( 93%) used,   146.93 KB (  6%) free+waste,    21.81 KB ( <1%) overhead. 
       Both:     22.39 MB capacity,    21.93 MB ( 98%) used,   399.92 KB (  2%) free+waste,    68.94 KB ( <1%) overhead. 

Virtual space:
  Non-class space:       22.00 MB reserved,      20.67 MB ( 94%) committed 
      Class space:        1.00 GB reserved,       2.70 MB ( <1%) committed 
             Both:        1.02 GB reserved,      23.37 MB (  2%) committed 

Chunk freelists:
   Non-Class:  626.00 KB
       Class:  251.00 KB
        Both:  877.00 KB

MaxMetaspaceSize: 17179869184.00 GB
CompressedClassSpaceSize: 1.00 GB
Initial GC threshold: 20.80 MB
Current GC threshold: 38.95 MB
CDS: off

CodeHeap 'non-profiled nmethods': size=120000Kb used=1523Kb max_used=1523Kb free=118476Kb
 bounds [0x000001f4c17b0000, 0x000001f4c1a20000, 0x000001f4c8ce0000]
CodeHeap 'profiled nmethods': size=120000Kb used=6494Kb max_used=6494Kb free=113505Kb
 bounds [0x000001f4ba280000, 0x000001f4ba8e0000, 0x000001f4c17b0000]
CodeHeap 'non-nmethods': size=5760Kb used=1235Kb max_used=1297Kb free=4524Kb
 bounds [0x000001f4b9ce0000, 0x000001f4b9f50000, 0x000001f4ba280000]
 total_blobs=3531 nmethods=3018 adapters=425
 compilation: enabled
              stopped_count=0, restarted_count=0
 full_count=0

Compilation events (20 events):
Event: 8454.412 Thread 0x000001f4ce43f000 nmethod 3042 0x000001f4c191ec90 code [0x000001f4c191eec0, 0x000001f4c19209a8]
Event: 8562.433 Thread 0x000001f4ce43f000 3043   !   4       java.io.ObjectInputStream::readSerialData (563 bytes)
Event: 8562.584 Thread 0x000001f4ce43f000 nmethod 3043 0x000001f4c1921a90 code [0x000001f4c1921e80, 0x000001f4c19257c8]
Event: 8904.794 Thread 0x000001f4ce43f000 3044       4       jdk.internal.module.Resources::toPackageName (39 bytes)
Event: 8904.820 Thread 0x000001f4ce43f000 nmethod 3044 0x000001f4c1928210 code [0x000001f4c19283c0, 0x000001f4c1928588]
Event: 8934.821 Thread 0x000001f4ce43f000 3045   !   4       jdk.internal.loader.BuiltinClassLoader::findResource (154 bytes)
Event: 8934.891 Thread 0x000001f4ce43f000 nmethod 3045 0x000001f4c1928710 code [0x000001f4c1928960, 0x000001f4c1929d50]
Event: 8934.891 Thread 0x000001f4ce43f000 3046       4       jdk.internal.loader.BuiltinClassLoader::findResourceOnClassPath (41 bytes)
Event: 8934.900 Thread 0x000001f4ce43f000 nmethod 3046 0x000001f4c192aa10 code [0x000001f4c192ac20, 0x000001f4c192bc48]
Event: 9245.054 Thread 0x000001f4ce43f000 3047   !   4       java.rmi.server.UID::<init> (164 bytes)
Event: 9245.091 Thread 0x000001f4ce43f000 nmethod 3047 0x000001f4c192c510 code [0x000001f4c192c6c0, 0x000001f4c192c978]
Event: 9602.240 Thread 0x000001f4ce43f000 3048       4       java.util.concurrent.ThreadPoolExecutor::afterExecute (1 bytes)
Event: 9602.247 Thread 0x000001f4ce43f000 nmethod 3048 0x000001f4c192ca90 code [0x000001f4c192cc20, 0x000001f4c192cc78]
Event: 9721.628 Thread 0x000001f4ce443000 3049  s    3       java.util.Vector::removeElementAt (115 bytes)
Event: 9721.664 Thread 0x000001f4ce443000 nmethod 3049 0x000001f4ba8d5b10 code [0x000001f4ba8d5de0, 0x000001f4ba8d6c48]
Event: 9753.135 Thread 0x000001f4ce443000 3050       3       java.io.ObjectStreamClass::hasWriteObjectData (9 bytes)
Event: 9753.163 Thread 0x000001f4ce443000 nmethod 3050 0x000001f4ba8d7110 code [0x000001f4ba8d72e0, 0x000001f4ba8d7508]
Event: 9765.635 Thread 0x000001f4ce443000 3052       3       java.io.ObjectInputStream::defaultCheckFieldValues (19 bytes)
Event: 9765.635 Thread 0x000001f4ce43f000 3051   !   4       java.io.ObjectInputStream::readSerialData (563 bytes)
Event: 9765.664 Thread 0x000001f4ce443000 nmethod 3052 0x000001f4ba8d7610 code [0x000001f4ba8d77e0, 0x000001f4ba8d7a28]

GC Heap History (10 events):
Event: 2.215 GC heap before
{Heap before GC invocations=0 (full 0):
 garbage-first heap   total 131072K, used 23552K [0x00000000d1200000, 0x0000000100000000)
  region size 1024K, 24 young (24576K), 0 survivors (0K)
 Metaspace       used 15476K, capacity 16018K, committed 16256K, reserved 1062912K
  class space    used 1596K, capacity 1839K, committed 1920K, reserved 1048576K
}
Event: 2.227 GC heap after
{Heap after GC invocations=1 (full 0):
 garbage-first heap   total 131072K, used 5384K [0x00000000d1200000, 0x0000000100000000)
  region size 1024K, 3 young (3072K), 3 survivors (3072K)
 Metaspace       used 15476K, capacity 16018K, committed 16256K, reserved 1062912K
  class space    used 1596K, capacity 1839K, committed 1920K, reserved 1048576K
}
Event: 3.012 GC heap before
{Heap before GC invocations=1 (full 0):
 garbage-first heap   total 131072K, used 12552K [0x00000000d1200000, 0x0000000100000000)
  region size 1024K, 11 young (11264K), 3 survivors (3072K)
 Metaspace       used 20635K, capacity 21222K, committed 21296K, reserved 1069056K
  class space    used 2196K, capacity 2421K, committed 2432K, reserved 1048576K
}
Event: 3.047 GC heap after
{Heap after GC invocations=2 (full 0):
 garbage-first heap   total 131072K, used 6558K [0x00000000d1200000, 0x0000000100000000)
  region size 1024K, 5 young (5120K), 5 survivors (5120K)
 Metaspace       used 20635K, capacity 21222K, committed 21296K, reserved 1069056K
  class space    used 2196K, capacity 2421K, committed 2432K, reserved 1048576K
}
Event: 909.180 GC heap before
{Heap before GC invocations=3 (full 0):
 garbage-first heap   total 131072K, used 20894K [0x00000000d1200000, 0x0000000100000000)
  region size 1024K, 19 young (19456K), 5 survivors (5120K)
 Metaspace       used 21775K, capacity 22431K, committed 22652K, reserved 1069056K
  class space    used 2241K, capacity 2506K, committed 2508K, reserved 1048576K
}
Event: 909.253 GC heap after
{Heap after GC invocations=4 (full 0):
 garbage-first heap   total 131072K, used 7867K [0x00000000d1200000, 0x0000000100000000)
  region size 1024K, 2 young (2048K), 2 survivors (2048K)
 Metaspace       used 21775K, capacity 22431K, committed 22652K, reserved 1069056K
  class space    used 2241K, capacity 2506K, committed 2508K, reserved 1048576K
}
Event: 4509.292 GC heap before
{Heap before GC invocations=4 (full 0):
 garbage-first heap   total 131072K, used 47803K [0x00000000d1200000, 0x0000000100000000)
  region size 1024K, 42 young (43008K), 2 survivors (2048K)
 Metaspace       used 22995K, capacity 23764K, committed 23932K, reserved 1071104K
  class space    used 2348K, capacity 2638K, committed 2764K, reserved 1048576K
}
Event: 4510.148 GC heap after
{Heap after GC invocations=5 (full 1):
 garbage-first heap   total 131072K, used 6718K [0x00000000d1200000, 0x0000000100000000)
  region size 1024K, 0 young (0K), 0 survivors (0K)
 Metaspace       used 22617K, capacity 23181K, committed 23932K, reserved 1071104K
  class space    used 2244K, capacity 2436K, committed 2764K, reserved 1048576K
}
Event: 8110.163 GC heap before
{Heap before GC invocations=5 (full 1):
 garbage-first heap   total 131072K, used 14910K [0x00000000d1200000, 0x0000000100000000)
  region size 1024K, 9 young (9216K), 0 survivors (0K)
 Metaspace       used 22617K, capacity 23181K, committed 23932K, reserved 1071104K
  class space    used 2244K, capacity 2436K, committed 2764K, reserved 1048576K
}
Event: 8110.501 GC heap after
{Heap after GC invocations=6 (full 2):
 garbage-first heap   total 131072K, used 6209K [0x00000000d1200000, 0x0000000100000000)
  region size 1024K, 0 young (0K), 0 survivors (0K)
 Metaspace       used 22454K, capacity 22924K, committed 23932K, reserved 1071104K
  class space    used 2218K, capacity 2387K, committed 2764K, reserved 1048576K
}

Deoptimization events (20 events):
Event: 923.325 Thread 0x000001f4cecfb800 Uncommon trap: trap_request=0xffffff4d fr.pc=0x000001f4c1881248 relative=0x0000000000000988
Event: 923.325 Thread 0x000001f4cecfb800 Uncommon trap: reason=unstable_if action=reinterpret pc=0x000001f4c1881248 method=java.io.ObjectInputStream$BlockDataInputStream.readUTFSpan(Ljava/lang/StringBuilder;J)J @ 35 c2
Event: 923.325 Thread 0x000001f4cecfb800 DEOPT PACKING pc=0x000001f4c1881248 sp=0x000000cf121fb000
Event: 923.325 Thread 0x000001f4cecfb800 DEOPT UNPACKING pc=0x000001f4b9d2a1af sp=0x000000cf121faf90 mode 2
Event: 923.679 Thread 0x000001f4cecfb800 DEOPT PACKING pc=0x000001f4ba66bd32 sp=0x000000cf121fb150
Event: 923.679 Thread 0x000001f4cecfb800 DEOPT UNPACKING pc=0x000001f4b9d2a95e sp=0x000000cf121fa568 mode 0
Event: 923.682 Thread 0x000001f4cecfb800 Uncommon trap: trap_request=0xffffff4d fr.pc=0x000001f4c188dcfc relative=0x000000000000005c
Event: 923.682 Thread 0x000001f4cecfb800 Uncommon trap: reason=unstable_if action=reinterpret pc=0x000001f4c188dcfc method=java.io.ObjectStreamField.getSignature()Ljava/lang/String; @ 4 c2
Event: 923.682 Thread 0x000001f4cecfb800 DEOPT PACKING pc=0x000001f4c188dcfc sp=0x000000cf121f7e70
Event: 923.682 Thread 0x000001f4cecfb800 DEOPT UNPACKING pc=0x000001f4b9d2a1af sp=0x000000cf121f7e00 mode 2
Event: 924.102 Thread 0x000001f4cecfb800 DEOPT PACKING pc=0x000001f4ba5bbada sp=0x000000cf121fb110
Event: 924.102 Thread 0x000001f4cecfb800 DEOPT UNPACKING pc=0x000001f4b9d2a95e sp=0x000000cf121fa598 mode 0
Event: 941.503 Thread 0x000001f4cecfb800 DEOPT PACKING pc=0x000001f4ba7435fb sp=0x000000cf121fa480
Event: 941.503 Thread 0x000001f4cecfb800 DEOPT UNPACKING pc=0x000001f4b9d2a95e sp=0x000000cf121f98d8 mode 0
Event: 1108.997 Thread 0x000001f4cf67e000 DEOPT PACKING pc=0x000001f4ba6874b8 sp=0x000000cf108fa0a0
Event: 1108.998 Thread 0x000001f4cf67e000 DEOPT UNPACKING pc=0x000001f4b9d2a95e sp=0x000000cf108f9580 mode 0
Event: 8617.804 Thread 0x000001f4cf67f800 Uncommon trap: trap_request=0xffffffcc fr.pc=0x000001f4c1924888 relative=0x0000000000002a08
Event: 8617.806 Thread 0x000001f4cf67f800 Uncommon trap: reason=intrinsic_or_type_checked_inlining action=make_not_entrant pc=0x000001f4c1924888 method=java.util.ArrayList.toArray([Ljava/lang/Object;)[Ljava/lang/Object; @ 36 c2
Event: 8617.806 Thread 0x000001f4cf67f800 DEOPT PACKING pc=0x000001f4c1924888 sp=0x000000cf10afb4b0
Event: 8617.807 Thread 0x000001f4cf67f800 DEOPT UNPACKING pc=0x000001f4b9d2a1af sp=0x000000cf10afb300 mode 2

Classes redefined (0 events):
No events

Internal exceptions (20 events):
Event: 1.202 Thread 0x000001f4cecfb800 Exception <a 'java/lang/NoSuchMethodError'{0x00000000d8649908}: 'java.lang.Object java.lang.invoke.DelegatingMethodHandle$Holder.reinvoke_L(java.lang.Object, int, java.lang.Object)'> (0x00000000d8649908) thrown at [src/hotspot/share/interpreter/linkResolver.cpp, line 773]
Event: 1.416 Thread 0x000001f4cefea000 Exception <a 'java/lang/NoSuchMethodError'{0x00000000d8527928}: <clinit>> (0x00000000d8527928) thrown at [src/hotspot/share/prims/jni.cpp, line 1367]
Event: 1.702 Thread 0x000001f4cefea000 Exception <a 'java/lang/NoSuchMethodError'{0x00000000d835b600}: 'int java.lang.invoke.DirectMethodHandle$Holder.invokeSpecialIFC(java.lang.Object, java.lang.Object, int)'> (0x00000000d835b600) thrown at [src/hotspot/share/interpreter/linkResolver.cpp, line 773]
Event: 1.786 Thread 0x000001f4cefea000 Exception <a 'java/lang/NoSuchMethodError'{0x00000000d826bf50}: 'java.lang.Object java.lang.invoke.DirectMethodHandle$Holder.invokeVirtual(java.lang.Object, java.lang.Object, java.lang.Object)'> (0x00000000d826bf50) thrown at [src/hotspot/share/interpreter/linkResolver.cpp, line 773]
Event: 2.155 Thread 0x000001f4cefea000 Exception <a 'java/lang/NoSuchMethodError'{0x00000000d7a07680}: 'void java.lang.invoke.DirectMethodHandle$Holder.invokeStaticInit(java.lang.Object, java.lang.Object)'> (0x00000000d7a07680) thrown at [src/hotspot/share/interpreter/linkResolver.cpp, line 773]
Event: 2.263 Thread 0x000001f4cefea000 Exception <a 'sun/nio/fs/WindowsException'{0x00000000d915f0a8}> (0x00000000d915f0a8) thrown at [src/hotspot/share/prims/jni.cpp, line 617]
Event: 2.296 Thread 0x000001f4cefea000 Exception <a 'java/lang/NoSuchMethodError'{0x00000000d90001d8}: 'int java.lang.invoke.DirectMethodHandle$Holder.invokeStaticInit(java.lang.Object, java.lang.Object, java.lang.Object, java.lang.Object)'> (0x00000000d90001d8) thrown at [src/hotspot/share/interpreter/linkResolver.cpp, line 773]
Event: 2.297 Thread 0x000001f4cefea000 Exception <a 'java/lang/IncompatibleClassChangeError'{0x00000000d90095d8}: Found class java.lang.Object, but interface was expected> (0x00000000d90095d8) thrown at [src/hotspot/share/interpreter/linkResolver.cpp, line 839]
Event: 2.298 Thread 0x000001f4cefea000 Exception <a 'java/lang/NoSuchMethodError'{0x00000000d9011cc0}: 'int java.lang.invoke.DirectMethodHandle$Holder.invokeStaticInit(java.lang.Object, java.lang.Object)'> (0x00000000d9011cc0) thrown at [src/hotspot/share/interpreter/linkResolver.cpp, line 773]
Event: 2.888 Thread 0x000001f4cefea000 Implicit null exception at 0x000001f4c17fb977 to 0x000001f4c17fbe9c
Event: 5.491 Thread 0x000001f4cefea000 Exception <a 'java/lang/NoSuchMethodError'{0x00000000d8c03e80}: <clinit>> (0x00000000d8c03e80) thrown at [src/hotspot/share/prims/jni.cpp, line 1367]
Event: 5.499 Thread 0x000001f4cefea000 Exception <a 'java/lang/NoSuchMethodError'{0x00000000d8c1bab0}: <clinit>> (0x00000000d8c1bab0) thrown at [src/hotspot/share/prims/jni.cpp, line 1367]
Event: 922.651 Thread 0x000001f4cecfb800 Exception <a 'java/lang/NoSuchMethodError'{0x00000000d8c845e8}: <clinit>> (0x00000000d8c845e8) thrown at [src/hotspot/share/prims/jni.cpp, line 1367]
Event: 922.653 Thread 0x000001f4cecfb800 Exception <a 'java/lang/NoSuchMethodError'{0x00000000d8c90e60}: <clinit>> (0x00000000d8c90e60) thrown at [src/hotspot/share/prims/jni.cpp, line 1367]
Event: 922.943 Thread 0x000001f4cecfb800 Exception <a 'java/lang/NoSuchMethodError'{0x00000000d8ba9dd0}: <clinit>> (0x00000000d8ba9dd0) thrown at [src/hotspot/share/prims/jni.cpp, line 1367]
Event: 922.945 Thread 0x000001f4cecfb800 Exception <a 'java/lang/NoSuchMethodError'{0x00000000d8bb4ec8}: <clinit>> (0x00000000d8bb4ec8) thrown at [src/hotspot/share/prims/jni.cpp, line 1367]
Event: 922.946 Thread 0x000001f4cecfb800 Exception <a 'java/lang/NoSuchMethodError'{0x00000000d8bbfd10}: <clinit>> (0x00000000d8bbfd10) thrown at [src/hotspot/share/prims/jni.cpp, line 1367]
Event: 923.023 Thread 0x000001f4cecfb800 Exception <a 'java/lang/NoSuchMethodError'{0x00000000d8a79bb8}: <clinit>> (0x00000000d8a79bb8) thrown at [src/hotspot/share/prims/jni.cpp, line 1367]
Event: 924.641 Thread 0x000001f4cecfb800 Exception <a 'java/net/SocketException'{0x00000000d851f388}: Software caused connection abort: socket write error> (0x00000000d851f388) thrown at [src/hotspot/share/prims/jni.cpp, line 638]
Event: 924.647 Thread 0x000001f4cecfb800 Exception <a 'java/lang/NoSuchMethodError'{0x00000000d8520d88}: 'void java.lang.invoke.DirectMethodHandle$Holder.invokeInterface(java.lang.Object, java.lang.Object)'> (0x00000000d8520d88) thrown at [src/hotspot/share/interpreter/linkResolver.cpp, line 773]

Events (20 events):
Event: 5074.117 Executing VM operation: RevokeBias done
Event: 5074.121 Executing VM operation: RevokeBias
Event: 5074.122 Executing VM operation: RevokeBias done
Event: 5166.115 Thread 0x000001f4cf67e800 Thread exited: 0x000001f4cf67e800
Event: 5237.822 Executing VM operation: RevokeBias
Event: 5237.826 Executing VM operation: RevokeBias done
Event: 5237.938 Executing VM operation: RevokeBias
Event: 5237.940 Executing VM operation: RevokeBias done
Event: 6395.613 Executing VM operation: RevokeBias
Event: 6395.628 Executing VM operation: RevokeBias done
Event: 8110.157 Executing VM operation: G1CollectFull
Event: 8110.501 Executing VM operation: G1CollectFull done
Event: 8983.266 Executing VM operation: RevokeBias
Event: 8983.279 Executing VM operation: RevokeBias done
Event: 9245.087 Thread 0x000001f4cf67e800 Thread added: 0x000001f4cf67e800
Event: 9245.106 Executing VM operation: RevokeBias
Event: 9245.107 Executing VM operation: RevokeBias done
Event: 9245.111 Executing VM operation: RevokeBias
Event: 9245.111 Executing VM operation: RevokeBias done
Event: 9328.216 Thread 0x000001f4cf67f800 Thread exited: 0x000001f4cf67f800


Dynamic libraries:
0x00007ff78e310000 - 0x00007ff78e31a000 	C:\Program Files\JetBrains\IntelliJ IDEA 2022.1.3\jbr\bin\java.exe
0x00007ff846c70000 - 0x00007ff846e87000 	C:\WINDOWS\SYSTEM32\ntdll.dll
0x00007ff8460b0000 - 0x00007ff846174000 	C:\WINDOWS\System32\KERNEL32.DLL
0x00007ff844130000 - 0x00007ff8444ea000 	C:\WINDOWS\System32\KERNELBASE.dll
0x00007ff844700000 - 0x00007ff844811000 	C:\WINDOWS\System32\ucrtbase.dll
0x00007ff806c40000 - 0x00007ff806c59000 	C:\Program Files\JetBrains\IntelliJ IDEA 2022.1.3\jbr\bin\jli.dll
0x00007ff823370000 - 0x00007ff823386000 	C:\Program Files\JetBrains\IntelliJ IDEA 2022.1.3\jbr\bin\VCRUNTIME140.dll
0x00007ff8467e0000 - 0x00007ff84698e000 	C:\WINDOWS\System32\USER32.dll
0x00007ff844820000 - 0x00007ff844846000 	C:\WINDOWS\System32\win32u.dll
0x00007ff842af0000 - 0x00007ff842d82000 	C:\WINDOWS\WinSxS\amd64_microsoft.windows.common-controls_6595b64144ccf1df_6.0.22621.4541_none_2710d1c57384c085\COMCTL32.dll
0x00007ff844a20000 - 0x00007ff844a49000 	C:\WINDOWS\System32\GDI32.dll
0x00007ff844850000 - 0x00007ff84496b000 	C:\WINDOWS\System32\gdi32full.dll
0x00007ff845f10000 - 0x00007ff845fb7000 	C:\WINDOWS\System32\msvcrt.dll
0x00007ff8444f0000 - 0x00007ff84458a000 	C:\WINDOWS\System32\msvcp_win.dll
0x00007ff846780000 - 0x00007ff8467b1000 	C:\WINDOWS\System32\IMM32.DLL
0x00007ffff5b50000 - 0x00007ffff5bfa000 	C:\Program Files\JetBrains\IntelliJ IDEA 2022.1.3\jbr\bin\msvcp140.dll
0x00007ffff79d0000 - 0x00007ffff854b000 	C:\Program Files\JetBrains\IntelliJ IDEA 2022.1.3\jbr\bin\server\jvm.dll
0x00007ff845ca0000 - 0x00007ff845d52000 	C:\WINDOWS\System32\ADVAPI32.dll
0x00007ff845d60000 - 0x00007ff845e07000 	C:\WINDOWS\System32\sechost.dll
0x00007ff844100000 - 0x00007ff844128000 	C:\WINDOWS\System32\bcrypt.dll
0x00007ff844bb0000 - 0x00007ff844cc4000 	C:\WINDOWS\System32\RPCRT4.dll
0x00007ff845550000 - 0x00007ff845558000 	C:\WINDOWS\System32\PSAPI.DLL
0x00007ff842060000 - 0x00007ff842094000 	C:\WINDOWS\SYSTEM32\WINMM.dll
0x00007ff83b5b0000 - 0x00007ff83b5ba000 	C:\WINDOWS\SYSTEM32\VERSION.dll
0x00007ff828480000 - 0x00007ff828489000 	C:\WINDOWS\SYSTEM32\WSOCK32.dll
0x00007ff845fc0000 - 0x00007ff846031000 	C:\WINDOWS\System32\WS2_32.dll
0x00007ff842f40000 - 0x00007ff842f58000 	C:\WINDOWS\SYSTEM32\kernel.appcore.dll
0x00007ff809820000 - 0x00007ff809831000 	C:\Program Files\JetBrains\IntelliJ IDEA 2022.1.3\jbr\bin\verify.dll
0x00007ff839820000 - 0x00007ff839a52000 	C:\WINDOWS\SYSTEM32\DBGHELP.DLL
0x00007ff8463f0000 - 0x00007ff84677f000 	C:\WINDOWS\System32\combase.dll
0x00007ff844ad0000 - 0x00007ff844ba7000 	C:\WINDOWS\System32\OLEAUT32.dll
0x00007ff823590000 - 0x00007ff8235c2000 	C:\WINDOWS\SYSTEM32\dbgcore.DLL
0x00007ff844000000 - 0x00007ff84407b000 	C:\WINDOWS\System32\bcryptPrimitives.dll
0x00007ff807f60000 - 0x00007ff807f89000 	C:\Program Files\JetBrains\IntelliJ IDEA 2022.1.3\jbr\bin\java.dll
0x00007ff827f10000 - 0x00007ff827f1b000 	C:\Program Files\JetBrains\IntelliJ IDEA 2022.1.3\jbr\bin\jimage.dll
0x00007ff8039d0000 - 0x00007ff8039e9000 	C:\Program Files\JetBrains\IntelliJ IDEA 2022.1.3\jbr\bin\zip.dll
0x00007ff844cd0000 - 0x00007ff845548000 	C:\WINDOWS\System32\SHELL32.dll
0x00007ff8421e0000 - 0x00007ff842ae8000 	C:\WINDOWS\SYSTEM32\windows.storage.dll
0x00007ff8420a0000 - 0x00007ff8421df000 	C:\WINDOWS\SYSTEM32\wintypes.dll
0x00007ff8459e0000 - 0x00007ff845ada000 	C:\WINDOWS\System32\SHCORE.dll
0x00007ff846bd0000 - 0x00007ff846c2e000 	C:\WINDOWS\System32\shlwapi.dll
0x00007ff843e70000 - 0x00007ff843e9b000 	C:\WINDOWS\SYSTEM32\profapi.dll
0x00007ff8039b0000 - 0x00007ff8039ca000 	C:\Program Files\JetBrains\IntelliJ IDEA 2022.1.3\jbr\bin\net.dll
0x00007ff83ede0000 - 0x00007ff83ef16000 	C:\WINDOWS\SYSTEM32\WINHTTP.dll
0x00007ff8433b0000 - 0x00007ff843419000 	C:\WINDOWS\system32\mswsock.dll
0x00007ff803830000 - 0x00007ff803844000 	C:\Program Files\JetBrains\IntelliJ IDEA 2022.1.3\jbr\bin\nio.dll
0x00007ff843770000 - 0x00007ff84378b000 	C:\WINDOWS\SYSTEM32\CRYPTSP.dll
0x000000005d220000 - 0x000000005d239000 	C:\Program Files\Common Files\Crypto Pro\AppCompat\cpadvai.dll
0x00007ff842ea0000 - 0x00007ff842ed5000 	C:\WINDOWS\system32\rsaenh.dll
0x00007ff843450000 - 0x00007ff843478000 	C:\WINDOWS\SYSTEM32\USERENV.dll
0x00007ff8435b0000 - 0x00007ff8435bc000 	C:\WINDOWS\SYSTEM32\CRYPTBASE.dll
0x00007ff841c70000 - 0x00007ff841c9d000 	C:\WINDOWS\SYSTEM32\IPHLPAPI.DLL
0x00007ff8467c0000 - 0x00007ff8467c9000 	C:\WINDOWS\System32\NSI.dll
0x00007ff83ef80000 - 0x00007ff83ef99000 	C:\WINDOWS\SYSTEM32\dhcpcsvc6.DLL
0x00007ff83ef40000 - 0x00007ff83ef5f000 	C:\WINDOWS\SYSTEM32\dhcpcsvc.DLL
0x00007ff841ca0000 - 0x00007ff841da2000 	C:\WINDOWS\SYSTEM32\DNSAPI.dll
0x00007ff80acf0000 - 0x00007ff80acf8000 	C:\Program Files\JetBrains\IntelliJ IDEA 2022.1.3\jbr\bin\rmi.dll
0x00007ff83ef20000 - 0x00007ff83ef2a000 	C:\Windows\System32\rasadhlp.dll
0x00007ff83c180000 - 0x00007ff83c203000 	C:\WINDOWS\System32\fwpuclnt.dll
0x00007ffff7880000 - 0x00007ffff78a8000 	C:\Program Files\JetBrains\IntelliJ IDEA 2022.1.3\jbr\bin\sunec.dll
0x00007ff803850000 - 0x00007ff80385f000 	C:\Program Files\JetBrains\IntelliJ IDEA 2022.1.3\jbr\bin\sunmscapi.dll
0x00007ff844590000 - 0x00007ff8446f6000 	C:\WINDOWS\System32\CRYPT32.dll
0x00007ff843730000 - 0x00007ff84375d000 	C:\WINDOWS\SYSTEM32\ncrypt.dll
0x000000005d240000 - 0x000000005d265000 	C:\Program Files\Common Files\Crypto Pro\AppCompat\cpcrypt.dll
0x00007ff8436f0000 - 0x00007ff843727000 	C:\WINDOWS\SYSTEM32\NTASN1.dll

dbghelp: loaded successfully - version: 4.0.5 - missing functions: none
symbol engine: initialized successfully - sym options: 0x614 - pdb path: .;C:\Program Files\JetBrains\IntelliJ IDEA 2022.1.3\jbr\bin;C:\WINDOWS\SYSTEM32;C:\WINDOWS\WinSxS\amd64_microsoft.windows.common-controls_6595b64144ccf1df_6.0.22621.4541_none_2710d1c57384c085;C:\Program Files\JetBrains\IntelliJ IDEA 2022.1.3\jbr\bin\server;C:\Program Files\Common Files\Crypto Pro\AppCompat

VM Arguments:
jvm_args: -Djava.rmi.server.hostname=127.0.0.1 -Duser.timezone=UTC -Xmx750m -Xms128m -Dfile.encoding=UTF-8 
java_command: com.intellij.database.remote.RemoteJdbcServer com.mysql.cj.jdbc.Driver
java_class_path (initial): C:\Program Files\JetBrains\IntelliJ IDEA 2022.1.3\lib\util_rt.jar;C:\Program Files\JetBrains\IntelliJ IDEA 2022.1.3\lib\util.jar;C:\Program Files\JetBrains\IntelliJ IDEA 2022.1.3\lib\groovy.jar;C:\Program Files\JetBrains\IntelliJ IDEA 2022.1.3\plugins\DatabaseTools\lib\jdbc-console.jar;C:\Users\Admin\AppData\Roaming\JetBrains\IntelliJIdea2022.1\jdbc-drivers\MySQL ConnectorJ\8.2.0\com\mysql\mysql-connector-j\8.2.0\mysql-connector-j-8.2.0.jar;C:\Users\Admin\AppData\Roaming\JetBrains\IntelliJIdea2022.1\jdbc-drivers\MySQL ConnectorJ\8.2.0\com\google\protobuf\protobuf-java\3.21.9\protobuf-java-3.21.9.jar
Launcher Type: SUN_STANDARD

[Global flags]
     intx CICompilerCount                          = 4                                         {product} {ergonomic}
     uint ConcGCThreads                            = 3                                         {product} {ergonomic}
     uint G1ConcRefinementThreads                  = 10                                        {product} {ergonomic}
   size_t G1HeapRegionSize                         = 1048576                                   {product} {ergonomic}
    uintx GCDrainStackTargetSize                   = 64                                        {product} {ergonomic}
   size_t InitialHeapSize                          = 134217728                                 {product} {command line}
   size_t MarkStackSize                            = 4194304                                   {product} {ergonomic}
   size_t MaxHeapSize                              = 786432000                                 {product} {command line}
   size_t MaxNewSize                               = 471859200                                 {product} {ergonomic}
   size_t MinHeapDeltaBytes                        = 1048576                                   {product} {ergonomic}
    uintx NonNMethodCodeHeapSize                   = 5836300                                {pd product} {ergonomic}
    uintx NonProfiledCodeHeapSize                  = 122910970                              {pd product} {ergonomic}
    uintx ProfiledCodeHeapSize                     = 122910970                              {pd product} {ergonomic}
    uintx ReservedCodeCacheSize                    = 251658240                              {pd product} {ergonomic}
     bool SegmentedCodeCache                       = true                                      {product} {ergonomic}
     bool UseCompressedClassPointers               = true                                 {lp64_product} {ergonomic}
     bool UseCompressedOops                        = true                                 {lp64_product} {ergonomic}
     bool UseG1GC                                  = true                                      {product} {ergonomic}
     bool UseLargePagesIndividualAllocation        = false                                  {pd product} {ergonomic}

Logging:
Log output configuration:
 #0: stdout all=warning uptime,level,tags
 #1: stderr all=off uptime,level,tags

Environment Variables:
JAVA_HOME=C:\Users\Admin\jdk-17.0.2+8\bin
PATH=C:\Program Files\Common Files\Oracle\Java\javapath;C:\windows\system32;C:\windows;C:\windows\System32\Wbem;C:\windows\System32\WindowsPowerShell\v1.0\;C:\windows\System32\OpenSSH\;C:\Program Files (x86)\NVIDIA Corporation\PhysX\Common;C:\Program Files\NVIDIA Corporation\NVIDIA NvDLISR;C:\Program Files\Git\cmd;C:\WINDOWS\system32;C:\WINDOWS;C:\WINDOWS\System32\Wbem;C:\WINDOWS\System32\WindowsPowerShell\v1.0\;C:\WINDOWS\System32\OpenSSH\;C:\Users\Admin\AppData\Local\Microsoft\WindowsApps;;C:\Program Files\JetBrains\IntelliJ IDEA 2023.1.2\bin;;C:\Users\Admin\AppData\Local\Programs\Microsoft VS Code\bin
USERNAME=Admin
OS=Windows_NT
PROCESSOR_IDENTIFIER=AMD64 Family 25 Model 80 Stepping 0, AuthenticAMD



---------------  S Y S T E M  ---------------

OS: Windows 11 , 64 bit Build 22621 (10.0.22621.4391)
OS uptime: 0 days 13:38 hours
Hyper-V role detected

CPU:total 12 (initial active 12) (12 cores per cpu, 2 threads per core) family 25 model 80 stepping 0 microcode 0x0, cmov, cx8, fxsr, mmx, sse, sse2, sse3, ssse3, sse4.1, sse4.2, popcnt, avx, avx2, aes, clmul, erms, mmxext, 3dnowpref, lzcnt, sse4a, ht, tsc, tscinvbit, tscinv, bmi1, bmi2, adx, sha, fma

Memory: 4k page, system-wide physical 3425M (9M free)
TotalPageFile size 14177M (AvailPageFile size 2M)
current process WorkingSet (physical memory assigned to process): 20M, peak: 107M
current process commit charge ("private bytes"): 246M, peak: 279M

vm_info: OpenJDK 64-Bit Server VM (11.0.15+10-b2043.56) for windows-amd64 JRE (11.0.15+10-b2043.56), built on May 16 2022 02:28:12 by "" with MS VC++ 14.0 (VS2015)

END.
